{"name": "test_search_product_and_verify_login_cart[chrome]", "status": "failed", "statusDetails": {"message": "AssertionError: Not all products found in cart: []\nassert False\n +  where False = all(<generator object TestProducts.test_search_product_and_verify_login_cart.<locals>.<genexpr> at 0x00000229776CD6C0>)", "trace": "self = <test_search_product.TestProducts object at 0x000002297708DC90>, page = <Page url='https://automationexercise.com/view_cart'>\n\n    def test_search_product_and_verify_login_cart(self,page):\n        search_term = \"blue\"\n    \n        # Search Product and get all searched products names\n        home = HomePage(page)\n        searched_product_names = (home.\n                                  verify_home_page().\n                                  goto_products().\n                                  verify_product_page(\"All Products\").\n                                  search_product(search_term).\n                                  verify_searched_product_text().\n                                  get_all_product_names())\n    \n        # Verify searched term in product names\n        success = all(search_term.lower() in name.lower() for name in searched_product_names)\n        assert success, f\"Failed!! Not all the product names contain '{search_term}'\"\n    \n        log.logger.info(f\"Total Searched Products:{len(searched_product_names)}\")\n    \n        # Add all searched products to cart\n        product = ProductsPage(page)\n        for i in range(1,len(searched_product_names)+1):\n            product.add_to_cart(i).continue_shopping()\n    \n        # Verify add to cart products in cart table\n        all_product_desc=home.goto_cart().get_all_products_desc()\n        assert all(\n            any(product in desc for desc in all_product_desc)\n            for product in searched_product_names\n        ), f\"Not all products found in cart: {all_product_desc}\"\n    \n        # Login\n        data=SignupBase(page)\n        _,email,password=data.get_login_cred()\n        home.go_to_signup_or_login().login(email,password)\n        home.goto_cart()\n    \n        # Again Verify add to cart products in cart table\n        all_product_desc = home.goto_cart().get_all_products_desc()\n    \n>       assert all(\n            any(product in desc for desc in all_product_desc)\n            for product in searched_product_names\n        ), f\"Not all products found in cart: {all_product_desc}\"\nE       AssertionError: Not all products found in cart: []\nE       assert False\nE        +  where False = all(<generator object TestProducts.test_search_product_and_verify_login_cart.<locals>.<genexpr> at 0x00000229776CD6C0>)\n\ntests\\test_ui\\test_search_product.py:69: AssertionError"}, "steps": [{"name": "Selected navbar option : Home", "status": "passed", "start": 1771080090420, "stop": 1771080090548}, {"name": "Clicking on 'Products'", "status": "passed", "start": 1771080090548, "stop": 1771080096651}, {"name": "On Page: All Products", "status": "passed", "start": 1771080096651, "stop": 1771080097942}, {"name": "Typing Search Text", "status": "passed", "start": 1771080097942, "stop": 1771080098266}, {"name": "Clicking on 'Search Icon'", "status": "passed", "start": 1771080098266, "stop": 1771080107358}, {"name": "On Page: Searched Products", "status": "passed", "start": 1771080107358, "stop": 1771080107665}, {"name": "Clicking on 'Add To Cart'", "status": "passed", "start": 1771080107827, "stop": 1771080116097}, {"name": "Clicking on 'Continue Shopping'", "status": "passed", "start": 1771080116097, "stop": 1771080117110}, {"name": "Clicking on 'Add To Cart'", "status": "passed", "start": 1771080117274, "stop": 1771080125466}, {"name": "Clicking on 'Continue Shopping'", "status": "passed", "start": 1771080125466, "stop": 1771080126412}, {"name": "Clicking on 'Add To Cart'", "status": "passed", "start": 1771080126553, "stop": 1771080134778}, {"name": "Clicking on 'Continue Shopping'", "status": "passed", "start": 1771080134778, "stop": 1771080135750}, {"name": "Clicking on 'Add To Cart'", "status": "passed", "start": 1771080135893, "stop": 1771080144092}, {"name": "Clicking on 'Continue Shopping'", "status": "passed", "start": 1771080144092, "stop": 1771080145039}, {"name": "Clicking on 'Add To Cart'", "status": "passed", "start": 1771080145170, "stop": 1771080153363}, {"name": "Clicking on 'Continue Shopping'", "status": "passed", "start": 1771080153363, "stop": 1771080154290}, {"name": "Clicking on 'Add To Cart'", "status": "passed", "start": 1771080154450, "stop": 1771080162704}, {"name": "Clicking on 'Continue Shopping'", "status": "passed", "start": 1771080162705, "stop": 1771080164245}, {"name": "Clicking on 'Add To Cart'", "status": "passed", "start": 1771080164381, "stop": 1771080172656}, {"name": "Clicking on 'Continue Shopping'", "status": "passed", "start": 1771080172656, "stop": 1771080173607}, {"name": "Clicking on 'Cart'", "status": "passed", "start": 1771080173607, "stop": 1771080176112}, {"name": "Clicking on 'Signup/Login'", "status": "passed", "start": 1771080176334, "stop": 1771080178859}, {"name": "Typing Email", "status": "passed", "start": 1771080178861, "stop": 1771080179391}, {"name": "Typing Password", "status": "passed", "start": 1771080179391, "stop": 1771080179445}, {"name": "Clicking on 'Login'", "status": "passed", "start": 1771080179445, "stop": 1771080180386}, {"name": "Clicking on 'Cart'", "status": "passed", "start": 1771080180386, "stop": 1771080183185}, {"name": "Clicking on 'Cart'", "status": "passed", "start": 1771080183185, "stop": 1771080214886}], "attachments": [{"name": "log", "source": "0aaab50b-846c-4990-8b65-7dcd9ef6eb7e-attachment.txt", "type": "text/plain"}], "parameters": [{"name": "browser", "value": "'chrome'"}], "start": 1771080090420, "stop": 1771080214914, "uuid": "fe9644b2-5fbb-459a-a84d-7e9ad6826295", "historyId": "cb0ecd0a87dbad32bbccc3e7de43a16a", "testCaseId": "a7178abd054f7a9affd241e9836fea97", "fullName": "tests.test_ui.test_search_product.TestProducts#test_search_product_and_verify_login_cart", "labels": [{"name": "parentSuite", "value": "tests.test_ui"}, {"name": "suite", "value": "test_search_product"}, {"name": "subSuite", "value": "TestProducts"}, {"name": "host", "value": "DESKTOP-B719PVK"}, {"name": "thread", "value": "2068-MainThread"}, {"name": "framework", "value": "pytest"}, {"name": "language", "value": "cpython3"}, {"name": "package", "value": "tests.test_ui.test_search_product"}], "titlePath": ["tests", "test_ui", "test_search_product.py", "TestProducts"]}