{"name": "test_download_invoice_after_purchase_order[chrome]", "status": "failed", "statusDetails": {"message": "AssertionError: Blue Top does not match with ['Blue Top\\n\\nWomen > Tops']\nassert 'Blue Top' in ['Blue Top\\n\\nWomen > Tops']", "trace": "self = <test_download_invoice.TestDownloadInvoice object at 0x000001ACE653A3D0>, page = <Page url='https://automationexercise.com/checkout'>\n\n    def test_download_invoice_after_purchase_order(self,page):\n        \"\"\"Download invoice after purchase order\"\"\"\n        #Get User Data\n        data=SignupBase(page)\n        first_name,last_name,address,state,city,zip_code,number=data.get_address_data()\n    \n        #Navigate to products page\n        home=HomePage(page)\n        home.verify_home_page().goto_products()\n    \n        #Get Product Name\n        product=ProductsPage(page)\n        product_name=product.get_product_name(1)\n        #Add to cart product\n        product.add_to_cart(1).view_cart()\n    \n        #View cart\n        cart=ViewCartPage(page)\n        cart.verify_view_cart_page().proceed_to_checkout().signup_or_login()\n    \n        #Signup\n        username,_,_=signup(page)\n        #Login Username\n        home.verify_logged_in_username(username).goto_cart().proceed_to_checkout()\n    \n        # Get all product description from cart table\n        info=OrderDetailsBase(page)\n        descriptions=info.get_all_products_desc()\n        #Verify Product Names\n>       assert product_name in descriptions,f\"{product_name} does not match with {descriptions}\"\nE       AssertionError: Blue Top does not match with ['Blue Top\\n\\nWomen > Tops']\nE       assert 'Blue Top' in ['Blue Top\\n\\nWomen > Tops']\n\ntests\\test_ui\\test_download_invoice.py:45: AssertionError"}, "description": "Download invoice after purchase order", "steps": [{"name": "Selected navbar option : Home", "status": "passed", "start": 1771160694799, "stop": 1771160695086}, {"name": "Clicking on 'Products'", "status": "passed", "start": 1771160695086, "stop": 1771160699877}, {"name": "Clicking on 'Add To Cart'", "status": "passed", "start": 1771160700936, "stop": 1771160709700}, {"name": "Clicking on 'View Cart'", "status": "passed", "start": 1771160709700, "stop": 1771160712422}, {"name": "Selected navbar option : Cart", "status": "passed", "start": 1771160712422, "stop": 1771160712592}, {"name": "Clicking on 'Proceed To Checkout'", "status": "passed", "start": 1771160712592, "stop": 1771160714807}, {"name": "Clicking on 'Register / Login'", "status": "passed", "start": 1771160714807, "stop": 1771160717532}, {"name": "Typing Name", "status": "passed", "start": 1771160717533, "stop": 1771160717790}, {"name": "Typing Email", "status": "passed", "start": 1771160717790, "stop": 1771160718012}, {"name": "Clicking on 'Signup'", "status": "passed", "start": 1771160718013, "stop": 1771160718436}, {"name": "On Page: Enter Account Information", "status": "passed", "start": 1771160718437, "stop": 1771160718584}, {"name": "Clicking on 'Mrs'", "status": "passed", "start": 1771160718584, "stop": 1771160720830}, {"name": "Typing Password", "status": "passed", "start": 1771160720830, "stop": 1771160720957}, {"name": "Selecting Day :25", "status": "passed", "start": 1771160720957, "stop": 1771160721002}, {"name": "Selecting Month :December", "status": "passed", "start": 1771160721003, "stop": 1771160721024}, {"name": "Selecting Year :2007", "status": "passed", "start": 1771160721024, "stop": 1771160721042}, {"name": "Typing First Name", "status": "passed", "start": 1771160721042, "stop": 1771160721170}, {"name": "Typing Last Name", "status": "passed", "start": 1771160721170, "stop": 1771160721271}, {"name": "Typing Address", "status": "passed", "start": 1771160721271, "stop": 1771160721400}, {"name": "Typing State", "status": "passed", "start": 1771160721401, "stop": 1771160721493}, {"name": "Typing City", "status": "passed", "start": 1771160721495, "stop": 1771160721606}, {"name": "Typing Zip Code", "status": "passed", "start": 1771160721606, "stop": 1771160721684}, {"name": "Typing Mobile Num", "status": "passed", "start": 1771160721684, "stop": 1771160721812}, {"name": "Clicking on 'Create Account'", "status": "passed", "start": 1771160721812, "stop": 1771160722816}, {"name": "On Page: Account Created!", "status": "passed", "start": 1771160722816, "stop": 1771160723030}, {"name": "Clicking on 'Continue'", "status": "passed", "start": 1771160723030, "stop": 1771160725815}, {"name": "Clicking on 'Cart'", "status": "passed", "start": 1771160726215, "stop": 1771160729022}, {"name": "Clicking on 'Proceed To Checkout'", "status": "passed", "start": 1771160729023, "stop": 1771160731549}], "attachments": [{"name": "log", "source": "61575d3f-b978-4308-ad5a-4d97ed2394c6-attachment.txt", "type": "text/plain"}], "parameters": [{"name": "browser", "value": "'chrome'"}], "start": 1771160694796, "stop": 1771160731701, "uuid": "6cb31623-967a-45b9-b123-348778d94fae", "historyId": "22a7196645158dd236a126e4d2cf2528", "testCaseId": "65d82336c968455a5a5b3c892f90812d", "fullName": "tests.test_ui.test_download_invoice.TestDownloadInvoice#test_download_invoice_after_purchase_order", "labels": [{"name": "parentSuite", "value": "tests.test_ui"}, {"name": "suite", "value": "test_download_invoice"}, {"name": "subSuite", "value": "TestDownloadInvoice"}, {"name": "host", "value": "DESKTOP-B719PVK"}, {"name": "thread", "value": "13880-MainThread"}, {"name": "framework", "value": "pytest"}, {"name": "language", "value": "cpython3"}, {"name": "package", "value": "tests.test_ui.test_download_invoice"}], "titlePath": ["tests", "test_ui", "test_download_invoice.py", "TestDownloadInvoice"]}