{"name": "test_search_product_and_verify_login_cart[chrome]", "status": "broken", "statusDetails": {"message": "Exception: Unable to locate : Add To Cart", "trace": "self = <test_search_product.TestProducts object at 0x000001D136D3DF90>, page = <Page url='https://automationexercise.com/products?search=blue'>\n\n    def test_search_product_and_verify_login_cart(self,page):\n        search_term = \"blue\"\n    \n        # Search Product and get all searched products names\n        home = HomePage(page)\n        searched_product_names = (home.\n                                  verify_home_page().\n                                  goto_products().\n                                  verify_product_page(\"All Products\").\n                                  search_product(search_term).\n                                  verify_searched_product_text().\n                                  get_all_product_names())\n    \n        # Verify searched term in product names\n        success = all(search_term.lower() in name.lower() for name in searched_product_names)\n        assert success, f\"Failed!! Not all the product names contain '{search_term}'\"\n    \n        log.logger.info(f\"Total Searched Products:{len(searched_product_names)}\")\n    \n        # Add all searched products to cart\n        product = ProductsPage(page)\n        for i in range(1,len(searched_product_names)):\n>           product.add_to_cart(i).continue_shopping()\n            ^^^^^^^^^^^^^^^^^^^^^^\n\ntests\\test_ui\\test_search_product.py:51: \n_ _ _ _ _ _ _ _ _ _ _ _ _ _ _ _ _ _ _ _ _ _ _ _ _ _ _ _ _ _ _ _ _ _ _ _ _ _ _ _ _ _ _ _ _ _ _ _ _ _ _ _ _ _ _ _ _ _ _ _ _ _ _ _ _ _ _ _ _ _ _ _ _ _ _ _ _ _ _\npages\\products\\products_page.py:71: in add_to_cart\n    self.click(\"Add To Cart\", f\"({product}{self.ADD_TO_CART_BTN})[{index_no}]\")\n_ _ _ _ _ _ _ _ _ _ _ _ _ _ _ _ _ _ _ _ _ _ _ _ _ _ _ _ _ _ _ _ _ _ _ _ _ _ _ _ _ _ _ _ _ _ _ _ _ _ _ _ _ _ _ _ _ _ _ _ _ _ _ _ _ _ _ _ _ _ _ _ _ _ _ _ _ _ _\n\nself = <pages.products.products_page.ProductsPage object at 0x000001D1376A5450>, field_name = 'Add To Cart'\nvalue = \"((//*[contains(@class,'product-image-wrapper')])[3]//a[text()='Add to cart'])[3]\"\n\n    def click(self,field_name,value):\n        \"\"\"Click on element when visible\"\"\"\n        with allure.step(f\"Clicking on '{field_name}'\"):\n            elements=[\n                self.page.get_by_role(\"button\", name=value),\n                self.page.get_by_text(value,exact=True),\n                self.page.get_by_role(\"link\", name=value),\n                self.page.get_by_role(\"radio\", name=value),\n                self.page.locator(value)\n            ]\n    \n            for element in elements:\n                try:\n                    element.wait_for(state=\"visible\",timeout=2000)\n                    element.scroll_into_view_if_needed()\n                    element.click(force=True)\n                    log.logger.info(\"Clicking on \" + field_name)\n                    return  #exit function\n                except:\n                    continue\n>           raise Exception(f\"Unable to locate : {field_name}\")\nE           Exception: Unable to locate : Add To Cart\n\npages\\base\\base_page.py:43: Exception"}, "steps": [{"name": "Selected navbar option : Home", "status": "passed", "start": 1771069722680, "stop": 1771069722803}, {"name": "Clicking on 'Products'", "status": "passed", "start": 1771069722803, "stop": 1771069728965}, {"name": "On Page: All Products", "status": "passed", "start": 1771069728965, "stop": 1771069729379}, {"name": "Typing Search Text", "status": "passed", "start": 1771069729379, "stop": 1771069729507}, {"name": "Clicking on 'Search Icon'", "status": "passed", "start": 1771069729508, "stop": 1771069739674}, {"name": "On Page: Searched Products", "status": "passed", "start": 1771069739674, "stop": 1771069739973}, {"name": "Clicking on 'Add To Cart'", "status": "passed", "start": 1771069740124, "stop": 1771069748559}, {"name": "Clicking on 'Continue Shopping'", "status": "passed", "start": 1771069748559, "stop": 1771069751031}, {"name": "Clicking on 'Add To Cart'", "status": "passed", "start": 1771069751222, "stop": 1771069759578}, {"name": "Clicking on 'Continue Shopping'", "status": "passed", "start": 1771069759578, "stop": 1771069761678}, {"name": "Clicking on 'Add To Cart'", "status": "broken", "statusDetails": {"message": "Exception: Unable to locate : Add To Cart\n", "trace": "  File \"C:\\AutomationExercise\\pages\\base\\base_page.py\", line 43, in click\n    raise Exception(f\"Unable to locate : {field_name}\")\n"}, "start": 1771069761858, "stop": 1771069772062}], "attachments": [{"name": "log", "source": "e61c5db8-af25-4e9a-9f4b-6fcb88a675c9-attachment.txt", "type": "text/plain"}], "parameters": [{"name": "browser", "value": "'chrome'"}], "start": 1771069722680, "stop": 1771069772068, "uuid": "beedb0e6-d09a-4a51-8719-19bd1ac30321", "historyId": "cb0ecd0a87dbad32bbccc3e7de43a16a", "testCaseId": "a7178abd054f7a9affd241e9836fea97", "fullName": "tests.test_ui.test_search_product.TestProducts#test_search_product_and_verify_login_cart", "labels": [{"name": "parentSuite", "value": "tests.test_ui"}, {"name": "suite", "value": "test_search_product"}, {"name": "subSuite", "value": "TestProducts"}, {"name": "host", "value": "DESKTOP-B719PVK"}, {"name": "thread", "value": "4456-MainThread"}, {"name": "framework", "value": "pytest"}, {"name": "language", "value": "cpython3"}, {"name": "package", "value": "tests.test_ui.test_search_product"}], "titlePath": ["tests", "test_ui", "test_search_product.py", "TestProducts"]}