{"name": "test_add_to_cart_shows_correct_details_in_table[chrome]", "status": "broken", "statusDetails": {"message": "Exception: Unable to locate : Continue Shopping", "trace": "self = <test_add_to_cart.TestAddToCart object at 0x00000212F601DD50>, page = <Page url='https://automationexercise.com/products'>\n\n    def test_add_to_cart_shows_correct_details_in_table(self,page):\n        \"\"\"\n        Test that add to cart display correct product's details in table\n        \"\"\"\n        products_detail=[]\n    \n        home=HomePage(page)\n        home.goto_products()\n    \n        product=ProductsPage(page)\n        #Get Product Details\n        for number in range(2):\n             product_info = {}\n             name,price=product.get_product_details(number)\n             product_info[\"name\"],product_info[\"price\"]=name,price\n             products_detail.append(product_info)\n    \n        #Add to cart\n>       product.add_to_cart(1).continue_shopping().add_to_cart(2).view_cart()\n        ^^^^^^^^^^^^^^^^^^^^^^^^^^^^^^^^^^^^^^^^^^\n\ntests\\test_ui\\test_add_to_cart.py:30: \n_ _ _ _ _ _ _ _ _ _ _ _ _ _ _ _ _ _ _ _ _ _ _ _ _ _ _ _ _ _ _ _ _ _ _ _ _ _ _ _ _ _ _ _ _ _ _ _ _ _ _ _ _ _ _ _ _ _ _ _ _ _ _ _ _ _ _ _ _ _ _ _ _ _ _ _ _ _ _\npages\\products\\product_base_page.py:30: in continue_shopping\n    self.click(\"Continue Shopping\", self.CONT_SHOP_BTN)\n_ _ _ _ _ _ _ _ _ _ _ _ _ _ _ _ _ _ _ _ _ _ _ _ _ _ _ _ _ _ _ _ _ _ _ _ _ _ _ _ _ _ _ _ _ _ _ _ _ _ _ _ _ _ _ _ _ _ _ _ _ _ _ _ _ _ _ _ _ _ _ _ _ _ _ _ _ _ _\n\nself = <pages.products.products_page.ProductsPage object at 0x00000212F694F3D0>, field_name = 'Continue Shopping', value = 'Continue Shopping'\n\n    def click(self,field_name,value):\n        \"\"\"Click on element when visible\"\"\"\n        with allure.step(f\"Clicking on '{field_name}'\"):\n            elements=[\n                self.page.get_by_role(\"button\", name=value),\n                self.page.get_by_text(value,exact=True),\n                self.page.get_by_role(\"link\", name=value),\n                self.page.get_by_role(\"radio\", name=value),\n                self.page.locator(value)\n            ]\n    \n            for element in elements:\n                try:\n                    element.wait_for(state=\"visible\",timeout=2000)\n                    element.scroll_into_view_if_needed()\n                    element.click(force=True)\n                    log.logger.info(\"Clicking on \" + field_name)\n                    return  #exit function\n                except:\n                    continue\n>           raise Exception(f\"Unable to locate : {field_name}\")\nE           Exception: Unable to locate : Continue Shopping\n\npages\\base\\base_page.py:43: Exception"}, "description": "\n        Test that add to cart display correct product's details in table\n        ", "steps": [{"name": "Clicking on 'Products'", "status": "passed", "start": 1771068757254, "stop": 1771068762469}, {"name": "Clicking on 'Add To Cart'", "status": "passed", "start": 1771068770716, "stop": 1771068778942}, {"name": "Clicking on 'Continue Shopping'", "status": "broken", "statusDetails": {"message": "Exception: Unable to locate : Continue Shopping\n", "trace": "  File \"C:\\AutomationExercise\\pages\\base\\base_page.py\", line 43, in click\n    raise Exception(f\"Unable to locate : {field_name}\")\n"}, "start": 1771068778942, "stop": 1771068780742}], "parameters": [{"name": "browser", "value": "'chrome'"}], "start": 1771068757253, "stop": 1771068780744, "uuid": "843cb2b6-bb99-4e71-8b98-474ee67f86c4", "historyId": "ba8a86fe05be2aa64e32ee59bcb63290", "testCaseId": "5e8a2adeb489ed9b7a27afbb26ef8101", "fullName": "tests.test_ui.test_add_to_cart.TestAddToCart#test_add_to_cart_shows_correct_details_in_table", "labels": [{"name": "parentSuite", "value": "tests.test_ui"}, {"name": "suite", "value": "test_add_to_cart"}, {"name": "subSuite", "value": "TestAddToCart"}, {"name": "host", "value": "DESKTOP-B719PVK"}, {"name": "thread", "value": "5976-MainThread"}, {"name": "framework", "value": "pytest"}, {"name": "language", "value": "cpython3"}, {"name": "package", "value": "tests.test_ui.test_add_to_cart"}], "titlePath": ["tests", "test_ui", "test_add_to_cart.py", "TestAddToCart"]}