{"name": "test_search_product_and_verify_login_cart[chrome]", "status": "broken", "statusDetails": {"message": "Exception: Unable to locate : Continue Shopping", "trace": "self = <test_search_product.TestProducts object at 0x0000020B204F2210>, page = <Page url='https://automationexercise.com/products?search=blue'>\n\n    def test_search_product_and_verify_login_cart(self,page):\n        search_term = \"blue\"\n    \n        # Search Product and get all searched products names\n        home = HomePage(page)\n        searched_product_names = (home.\n                                  verify_home_page().\n                                  goto_products().\n                                  verify_product_page(\"All Products\").\n                                  search_product(search_term).\n                                  verify_searched_product_text().\n                                  get_all_product_names())\n    \n        # Verify searched term in product names\n        success = all(search_term.lower() in name.lower() for name in searched_product_names)\n        assert success, f\"Failed!! Not all the product names contain '{search_term}'\"\n    \n        log.logger.info(f\"Total Searched Products:{len(searched_product_names)}\")\n    \n        # Add all searched products to cart\n        product = ProductsPage(page)\n        for i in range(1,len(searched_product_names)+1):\n>           product.add_to_cart(i).continue_shopping()\n\ntests\\test_ui\\test_search_product.py:51: \n_ _ _ _ _ _ _ _ _ _ _ _ _ _ _ _ _ _ _ _ _ _ _ _ _ _ _ _ _ _ _ _ _ _ _ _ _ _ _ _ _ _ _ _ _ _ _ _ _ _ _ _ _ _ _ _ _ _ _ _ _ _ _ _ _ _ _ _ _ _ _ _ _ _ _ _ _ _ _\npages\\products\\product_base_page.py:30: in continue_shopping\n    self.click(\"Continue Shopping\", self.CONT_SHOP_BTN)\n_ _ _ _ _ _ _ _ _ _ _ _ _ _ _ _ _ _ _ _ _ _ _ _ _ _ _ _ _ _ _ _ _ _ _ _ _ _ _ _ _ _ _ _ _ _ _ _ _ _ _ _ _ _ _ _ _ _ _ _ _ _ _ _ _ _ _ _ _ _ _ _ _ _ _ _ _ _ _\n\nself = <pages.products.products_page.ProductsPage object at 0x0000020B20F11090>, field_name = 'Continue Shopping', value = 'Continue Shopping'\n\n    def click(self,field_name,value):\n        \"\"\"Click on element when visible\"\"\"\n        with allure.step(f\"Clicking on '{field_name}'\"):\n            elements=[\n                self.page.get_by_role(\"button\", name=value),\n                self.page.get_by_text(value,exact=True),\n                self.page.get_by_role(\"link\", name=value),\n                self.page.get_by_role(\"radio\", name=value),\n                self.page.locator(value)\n            ]\n    \n            for element in elements:\n                try:\n                    element.wait_for(state=\"visible\",timeout=2000)\n                    element.scroll_into_view_if_needed()\n                    element.click(force=True)\n                    log.logger.info(\"Clicking on \" + field_name)\n                    return  #exit function\n                except:\n                    continue\n>           raise Exception(f\"Unable to locate : {field_name}\")\nE           Exception: Unable to locate : Continue Shopping\n\npages\\base\\base_page.py:43: Exception"}, "steps": [{"name": "Selected navbar option : Home", "status": "passed", "start": 1771079405560, "stop": 1771079405694}, {"name": "Clicking on 'Products'", "status": "passed", "start": 1771079405694, "stop": 1771079411436}, {"name": "On Page: All Products", "status": "passed", "start": 1771079411436, "stop": 1771079411538}, {"name": "Typing Search Text", "status": "passed", "start": 1771079411538, "stop": 1771079411769}, {"name": "Clicking on 'Search Icon'", "status": "passed", "start": 1771079411769, "stop": 1771079421183}, {"name": "On Page: Searched Products", "status": "passed", "start": 1771079421183, "stop": 1771079421542}, {"name": "Clicking on 'Add To Cart'", "status": "passed", "start": 1771079421724, "stop": 1771079430002}, {"name": "Clicking on 'Continue Shopping'", "status": "passed", "start": 1771079430002, "stop": 1771079431077}, {"name": "Clicking on 'Add To Cart'", "status": "passed", "start": 1771079431253, "stop": 1771079439437}, {"name": "Clicking on 'Continue Shopping'", "status": "passed", "start": 1771079439437, "stop": 1771079440388}, {"name": "Clicking on 'Add To Cart'", "status": "passed", "start": 1771079440541, "stop": 1771079448732}, {"name": "Clicking on 'Continue Shopping'", "status": "passed", "start": 1771079448732, "stop": 1771079449694}, {"name": "Clicking on 'Add To Cart'", "status": "passed", "start": 1771079449840, "stop": 1771079458075}, {"name": "Clicking on 'Continue Shopping'", "status": "passed", "start": 1771079458075, "stop": 1771079459067}, {"name": "Clicking on 'Add To Cart'", "status": "passed", "start": 1771079459258, "stop": 1771079467436}, {"name": "Clicking on 'Continue Shopping'", "status": "passed", "start": 1771079467436, "stop": 1771079468366}, {"name": "Clicking on 'Add To Cart'", "status": "passed", "start": 1771079468539, "stop": 1771079476732}, {"name": "Clicking on 'Continue Shopping'", "status": "passed", "start": 1771079476732, "stop": 1771079477886}, {"name": "Clicking on 'Add To Cart'", "status": "passed", "start": 1771079478018, "stop": 1771079486282}, {"name": "Clicking on 'Continue Shopping'", "status": "broken", "statusDetails": {"message": "Exception: Unable to locate : Continue Shopping\n", "trace": "  File \"C:\\AutomationExercise\\pages\\base\\base_page.py\", line 43, in click\n    raise Exception(f\"Unable to locate : {field_name}\")\n"}, "start": 1771079486282, "stop": 1771079496389}], "attachments": [{"name": "log", "source": "621c7723-4ead-46d2-abb4-cbac5fa9958e-attachment.txt", "type": "text/plain"}], "parameters": [{"name": "browser", "value": "'chrome'"}], "start": 1771079405560, "stop": 1771079496391, "uuid": "6e1fa2ab-0d7c-4a87-9ccf-7c4b118fc041", "historyId": "cb0ecd0a87dbad32bbccc3e7de43a16a", "testCaseId": "a7178abd054f7a9affd241e9836fea97", "fullName": "tests.test_ui.test_search_product.TestProducts#test_search_product_and_verify_login_cart", "labels": [{"name": "parentSuite", "value": "tests.test_ui"}, {"name": "suite", "value": "test_search_product"}, {"name": "subSuite", "value": "TestProducts"}, {"name": "host", "value": "DESKTOP-B719PVK"}, {"name": "thread", "value": "6884-MainThread"}, {"name": "framework", "value": "pytest"}, {"name": "language", "value": "cpython3"}, {"name": "package", "value": "tests.test_ui.test_search_product"}], "titlePath": ["tests", "test_ui", "test_search_product.py", "TestProducts"]}