{"name": "test_search_product_and_verify_login_cart[chrome]", "status": "broken", "statusDetails": {"message": "Exception: Unable to locate : Continue Shopping", "trace": "self = <test_search_product.TestProducts object at 0x00000125F5B5DC90>, page = <Page url='https://automationexercise.com/products?search=blue'>\n\n    def test_search_product_and_verify_login_cart(self,page):\n        search_term = \"blue\"\n    \n        # Search Product and get all searched products names\n        home = HomePage(page)\n        searched_product_names = (home.\n                                  verify_home_page().\n                                  goto_products().\n                                  verify_product_page(\"All Products\").\n                                  search_product(search_term).\n                                  verify_searched_product_text().\n                                  get_all_product_names())\n    \n        # Verify searched term in product names\n        success = all(search_term.lower() in name.lower() for name in searched_product_names)\n        assert success, f\"Failed!! Not all the product names contain '{search_term}'\"\n    \n        log.logger.info(f\"Total Searched Products:{len(searched_product_names)}\")\n    \n        # Add all searched products to cart\n        product = ProductsPage(page)\n        for i in range(1,len(searched_product_names)+1):\n>           product.add_to_cart(i).continue_shopping()\n\ntests\\test_ui\\test_search_product.py:51: \n_ _ _ _ _ _ _ _ _ _ _ _ _ _ _ _ _ _ _ _ _ _ _ _ _ _ _ _ _ _ _ _ _ _ _ _ _ _ _ _ _ _ _ _ _ _ _ _ _ _ _ _ _ _ _ _ _ _ _ _ _ _ _ _ _ _ _ _ _ _ _ _ _ _ _ _ _ _ _\npages\\products\\product_base_page.py:30: in continue_shopping\n    self.click(\"Continue Shopping\", self.CONT_SHOP_BTN)\n_ _ _ _ _ _ _ _ _ _ _ _ _ _ _ _ _ _ _ _ _ _ _ _ _ _ _ _ _ _ _ _ _ _ _ _ _ _ _ _ _ _ _ _ _ _ _ _ _ _ _ _ _ _ _ _ _ _ _ _ _ _ _ _ _ _ _ _ _ _ _ _ _ _ _ _ _ _ _\n\nself = <pages.products.products_page.ProductsPage object at 0x00000125F6219590>, field_name = 'Continue Shopping', value = 'Continue Shopping'\n\n    def click(self,field_name,value):\n        \"\"\"Click on element when visible\"\"\"\n        with allure.step(f\"Clicking on '{field_name}'\"):\n            elements=[\n                self.page.get_by_role(\"button\", name=value),\n                self.page.get_by_text(value,exact=True),\n                self.page.get_by_role(\"link\", name=value),\n                self.page.get_by_role(\"radio\", name=value),\n                self.page.locator(value)\n            ]\n    \n            for element in elements:\n                try:\n                    element.wait_for(state=\"visible\",timeout=2000)\n                    element.scroll_into_view_if_needed()\n                    element.click(force=True)\n                    log.logger.info(\"Clicking on \" + field_name)\n                    return  #exit function\n                except:\n                    continue\n>           raise Exception(f\"Unable to locate : {field_name}\")\nE           Exception: Unable to locate : Continue Shopping\n\npages\\base\\base_page.py:43: Exception"}, "steps": [{"name": "Selected navbar option : Home", "status": "passed", "start": 1771079957199, "stop": 1771079957369}, {"name": "Clicking on 'Products'", "status": "passed", "start": 1771079957369, "stop": 1771079962546}, {"name": "On Page: All Products", "status": "passed", "start": 1771079962547, "stop": 1771079963054}, {"name": "Typing Search Text", "status": "passed", "start": 1771079963054, "stop": 1771079963176}, {"name": "Clicking on 'Search Icon'", "status": "passed", "start": 1771079963177, "stop": 1771079972220}, {"name": "On Page: Searched Products", "status": "passed", "start": 1771079972220, "stop": 1771079972478}, {"name": "Clicking on 'Add To Cart'", "status": "passed", "start": 1771079972665, "stop": 1771079980874}, {"name": "Clicking on 'Continue Shopping'", "status": "passed", "start": 1771079980874, "stop": 1771079981900}, {"name": "Clicking on 'Add To Cart'", "status": "passed", "start": 1771079982014, "stop": 1771079990234}, {"name": "Clicking on 'Continue Shopping'", "status": "passed", "start": 1771079990234, "stop": 1771079991185}, {"name": "Clicking on 'Add To Cart'", "status": "passed", "start": 1771079991312, "stop": 1771079999533}, {"name": "Clicking on 'Continue Shopping'", "status": "passed", "start": 1771079999533, "stop": 1771080000483}, {"name": "Clicking on 'Add To Cart'", "status": "passed", "start": 1771080000594, "stop": 1771080008786}, {"name": "Clicking on 'Continue Shopping'", "status": "passed", "start": 1771080008786, "stop": 1771080009768}, {"name": "Clicking on 'Add To Cart'", "status": "passed", "start": 1771080009892, "stop": 1771080018069}, {"name": "Clicking on 'Continue Shopping'", "status": "broken", "statusDetails": {"message": "Exception: Unable to locate : Continue Shopping\n", "trace": "  File \"C:\\AutomationExercise\\pages\\base\\base_page.py\", line 43, in click\n    raise Exception(f\"Unable to locate : {field_name}\")\n"}, "start": 1771080018069, "stop": 1771080018474}], "attachments": [{"name": "log", "source": "1a959a0d-f3bb-44d6-a9f9-1ab69103d932-attachment.txt", "type": "text/plain"}], "parameters": [{"name": "browser", "value": "'chrome'"}], "start": 1771079957199, "stop": 1771080018475, "uuid": "929f9c38-0ee1-4669-8a8f-1b177726d6ac", "historyId": "cb0ecd0a87dbad32bbccc3e7de43a16a", "testCaseId": "a7178abd054f7a9affd241e9836fea97", "fullName": "tests.test_ui.test_search_product.TestProducts#test_search_product_and_verify_login_cart", "labels": [{"name": "parentSuite", "value": "tests.test_ui"}, {"name": "suite", "value": "test_search_product"}, {"name": "subSuite", "value": "TestProducts"}, {"name": "host", "value": "DESKTOP-B719PVK"}, {"name": "thread", "value": "19616-MainThread"}, {"name": "framework", "value": "pytest"}, {"name": "language", "value": "cpython3"}, {"name": "package", "value": "tests.test_ui.test_search_product"}], "titlePath": ["tests", "test_ui", "test_search_product.py", "TestProducts"]}