{"name": "test_search_product_and_verify_login_cart[chrome]", "status": "broken", "statusDetails": {"message": "Exception: Unable to locate : Continue Shopping", "trace": "self = <test_search_product.TestProducts object at 0x0000020C08A9B350>, page = <Page url='https://automationexercise.com/products?search=blue'>\n\n    def test_search_product_and_verify_login_cart(self,page):\n        search_term = \"blue\"\n    \n        # Search Product and get all searched products names\n        home = HomePage(page)\n        searched_product_names = (home.\n                                  verify_home_page().\n                                  goto_products().\n                                  verify_product_page(\"All Products\").\n                                  search_product(search_term).\n                                  verify_searched_product_text().\n                                  get_all_product_names())\n    \n        # Verify searched term in product names\n        success = all(search_term.lower() in name.lower() for name in searched_product_names)\n        assert success, f\"Failed!! Not all the product names contain '{search_term}'\"\n    \n        log.logger.info(f\"Total Searched Products:{len(searched_product_names)}\")\n    \n        # Add all searched products to cart\n        product = ProductsPage(page)\n        for i in range(1,len(searched_product_names)+1):\n>           product.add_to_cart(i).continue_shopping()\n\ntests\\test_ui\\test_search_product.py:51: \n_ _ _ _ _ _ _ _ _ _ _ _ _ _ _ _ _ _ _ _ _ _ _ _ _ _ _ _ _ _ _ _ _ _ _ _ _ _ _ _ _ _ _ _ _ _ _ _ _ _ _ _ _ _ _ _ _ _ _ _ _ _ _ _ _ _ _ _ _ _ _ _ _ _ _ _ _ _ _\npages\\products\\product_base_page.py:30: in continue_shopping\n    self.click(\"Continue Shopping\", self.CONT_SHOP_BTN)\n_ _ _ _ _ _ _ _ _ _ _ _ _ _ _ _ _ _ _ _ _ _ _ _ _ _ _ _ _ _ _ _ _ _ _ _ _ _ _ _ _ _ _ _ _ _ _ _ _ _ _ _ _ _ _ _ _ _ _ _ _ _ _ _ _ _ _ _ _ _ _ _ _ _ _ _ _ _ _\n\nself = <pages.products.products_page.ProductsPage object at 0x0000020C0898CA90>, field_name = 'Continue Shopping', value = 'Continue Shopping'\n\n    def click(self,field_name,value):\n        \"\"\"Click on element when visible\"\"\"\n        with allure.step(f\"Clicking on '{field_name}'\"):\n            elements=[\n                self.page.get_by_role(\"button\", name=value),\n                self.page.get_by_text(value,exact=True),\n                self.page.get_by_role(\"link\", name=value),\n                self.page.get_by_role(\"radio\", name=value),\n                self.page.locator(value)\n            ]\n    \n            for element in elements:\n                try:\n                    element.wait_for(state=\"visible\",timeout=2000)\n                    element.scroll_into_view_if_needed()\n                    element.click(force=True)\n                    log.logger.info(\"Clicking on \" + field_name)\n                    return  #exit function\n                except:\n                    continue\n>           raise Exception(f\"Unable to locate : {field_name}\")\nE           Exception: Unable to locate : Continue Shopping\n\npages\\base\\base_page.py:43: Exception"}, "steps": [{"name": "Selected navbar option : Home", "status": "passed", "start": 1771079655978, "stop": 1771079656201}, {"name": "Clicking on 'Products'", "status": "passed", "start": 1771079656201, "stop": 1771079661559}, {"name": "On Page: All Products", "status": "passed", "start": 1771079661560, "stop": 1771079661898}, {"name": "Typing Search Text", "status": "passed", "start": 1771079661898, "stop": 1771079662133}, {"name": "Clicking on 'Search Icon'", "status": "passed", "start": 1771079662134, "stop": 1771079671111}, {"name": "On Page: Searched Products", "status": "passed", "start": 1771079671111, "stop": 1771079671455}, {"name": "Clicking on 'Add To Cart'", "status": "passed", "start": 1771079671710, "stop": 1771079679982}, {"name": "Clicking on 'Continue Shopping'", "status": "passed", "start": 1771079679982, "stop": 1771079681076}, {"name": "Clicking on 'Add To Cart'", "status": "passed", "start": 1771079681253, "stop": 1771079689423}, {"name": "Clicking on 'Continue Shopping'", "status": "passed", "start": 1771079689424, "stop": 1771079690469}, {"name": "Clicking on 'Add To Cart'", "status": "passed", "start": 1771079690619, "stop": 1771079698809}, {"name": "Clicking on 'Continue Shopping'", "status": "passed", "start": 1771079698809, "stop": 1771079699838}, {"name": "Clicking on 'Add To Cart'", "status": "passed", "start": 1771079700063, "stop": 1771079708373}, {"name": "Clicking on 'Continue Shopping'", "status": "passed", "start": 1771079708374, "stop": 1771079709526}, {"name": "Clicking on 'Add To Cart'", "status": "passed", "start": 1771079709870, "stop": 1771079718426}, {"name": "Clicking on 'Continue Shopping'", "status": "broken", "statusDetails": {"message": "Exception: Unable to locate : Continue Shopping\n", "trace": "  File \"C:\\AutomationExercise\\pages\\base\\base_page.py\", line 43, in click\n    raise Exception(f\"Unable to locate : {field_name}\")\n"}, "start": 1771079718426, "stop": 1771079728516}], "attachments": [{"name": "log", "source": "ad340386-9c0d-4812-95be-2a9ecc0c94e5-attachment.txt", "type": "text/plain"}], "parameters": [{"name": "browser", "value": "'chrome'"}], "start": 1771079655978, "stop": 1771079728517, "uuid": "0205e454-7baa-4e4e-9d97-eb1838c1cdcf", "historyId": "cb0ecd0a87dbad32bbccc3e7de43a16a", "testCaseId": "a7178abd054f7a9affd241e9836fea97", "fullName": "tests.test_ui.test_search_product.TestProducts#test_search_product_and_verify_login_cart", "labels": [{"name": "parentSuite", "value": "tests.test_ui"}, {"name": "suite", "value": "test_search_product"}, {"name": "subSuite", "value": "TestProducts"}, {"name": "host", "value": "DESKTOP-B719PVK"}, {"name": "thread", "value": "14548-MainThread"}, {"name": "framework", "value": "pytest"}, {"name": "language", "value": "cpython3"}, {"name": "package", "value": "tests.test_ui.test_search_product"}], "titlePath": ["tests", "test_ui", "test_search_product.py", "TestProducts"]}