{"name": "test_search_product_and_verify_login_cart[chrome]", "status": "broken", "statusDetails": {"message": "Exception: Unable to locate : Add To Cart", "trace": "self = <test_search_product.TestProducts object at 0x0000013E6159B350>, page = <Page url='https://automationexercise.com/products?search=blue'>\n\n    def test_search_product_and_verify_login_cart(self,page):\n        search_term = \"blue\"\n    \n        # Search Product and get all searched products names\n        home = HomePage(page)\n        searched_product_names = (home.\n                                  verify_home_page().\n                                  goto_products().\n                                  verify_product_page(\"All Products\").\n                                  search_product(search_term).\n                                  verify_searched_product_text().\n                                  get_all_product_names())\n    \n        # Verify searched term in product names\n        success = all(search_term.lower() in name.lower() for name in searched_product_names)\n        assert success, f\"Failed!! Not all the product names contain '{search_term}'\"\n    \n        log.logger.info(f\"Total Searched Products:{len(searched_product_names)}\")\n    \n        # Add all searched products to cart\n        product = ProductsPage(page)\n        for i in range(1,len(searched_product_names)+1):\n>           product.add_to_cart(i).continue_shopping()\n            ^^^^^^^^^^^^^^^^^^^^^^\n\ntests\\test_ui\\test_search_product.py:51: \n_ _ _ _ _ _ _ _ _ _ _ _ _ _ _ _ _ _ _ _ _ _ _ _ _ _ _ _ _ _ _ _ _ _ _ _ _ _ _ _ _ _ _ _ _ _ _ _ _ _ _ _ _ _ _ _ _ _ _ _ _ _ _ _ _ _ _ _ _ _ _ _ _ _ _ _ _ _ _\npages\\products\\products_page.py:72: in add_to_cart\n    self.click(\"Add To Cart\", add_to_cart_btn)\n_ _ _ _ _ _ _ _ _ _ _ _ _ _ _ _ _ _ _ _ _ _ _ _ _ _ _ _ _ _ _ _ _ _ _ _ _ _ _ _ _ _ _ _ _ _ _ _ _ _ _ _ _ _ _ _ _ _ _ _ _ _ _ _ _ _ _ _ _ _ _ _ _ _ _ _ _ _ _\n\nself = <pages.products.products_page.ProductsPage object at 0x0000013E6148CA90>, field_name = 'Add To Cart'\nvalue = \"(//*[contains(@class,'product-overlay')]//a[text()='Add to cart'])[4]\"\n\n    def click(self,field_name,value):\n        \"\"\"Click on element when visible\"\"\"\n        with allure.step(f\"Clicking on '{field_name}'\"):\n            elements=[\n                self.page.get_by_role(\"button\", name=value),\n                self.page.get_by_text(value,exact=True),\n                self.page.get_by_role(\"link\", name=value),\n                self.page.get_by_role(\"radio\", name=value),\n                self.page.locator(value)\n            ]\n    \n            for element in elements:\n                try:\n                    element.wait_for(state=\"visible\",timeout=2000)\n                    element.scroll_into_view_if_needed()\n                    element.click(force=True)\n                    log.logger.info(\"Clicking on \" + field_name)\n                    return  #exit function\n                except:\n                    continue\n>           raise Exception(f\"Unable to locate : {field_name}\")\nE           Exception: Unable to locate : Add To Cart\n\npages\\base\\base_page.py:43: Exception"}, "steps": [{"name": "Selected navbar option : Home", "status": "passed", "start": 1771078592730, "stop": 1771078592880}, {"name": "Clicking on 'Products'", "status": "passed", "start": 1771078592880, "stop": 1771078598154}, {"name": "On Page: All Products", "status": "passed", "start": 1771078598155, "stop": 1771078598567}, {"name": "Typing Search Text", "status": "passed", "start": 1771078598567, "stop": 1771078598708}, {"name": "Clicking on 'Search Icon'", "status": "passed", "start": 1771078598708, "stop": 1771078608300}, {"name": "On Page: Searched Products", "status": "passed", "start": 1771078608300, "stop": 1771078609768}, {"name": "Clicking on 'Add To Cart'", "status": "passed", "start": 1771078610601, "stop": 1771078618851}, {"name": "Clicking on 'Continue Shopping'", "status": "passed", "start": 1771078618851, "stop": 1771078619904}, {"name": "Clicking on 'Add To Cart'", "status": "passed", "start": 1771078620048, "stop": 1771078628245}, {"name": "Clicking on 'Continue Shopping'", "status": "passed", "start": 1771078628245, "stop": 1771078629251}, {"name": "Clicking on 'Add To Cart'", "status": "passed", "start": 1771078629382, "stop": 1771078637555}, {"name": "Clicking on 'Continue Shopping'", "status": "passed", "start": 1771078637555, "stop": 1771078638582}, {"name": "Clicking on 'Add To Cart'", "status": "broken", "statusDetails": {"message": "Exception: Unable to locate : Add To Cart\n", "trace": "  File \"C:\\AutomationExercise\\pages\\base\\base_page.py\", line 43, in click\n    raise Exception(f\"Unable to locate : {field_name}\")\n"}, "start": 1771078638716, "stop": 1771078643630}], "parameters": [{"name": "browser", "value": "'chrome'"}], "start": 1771078592729, "stop": 1771078643632, "uuid": "54c7680f-45c7-4d22-b344-240f7029576b", "historyId": "cb0ecd0a87dbad32bbccc3e7de43a16a", "testCaseId": "a7178abd054f7a9affd241e9836fea97", "fullName": "tests.test_ui.test_search_product.TestProducts#test_search_product_and_verify_login_cart", "labels": [{"name": "parentSuite", "value": "tests.test_ui"}, {"name": "suite", "value": "test_search_product"}, {"name": "subSuite", "value": "TestProducts"}, {"name": "host", "value": "DESKTOP-B719PVK"}, {"name": "thread", "value": "14120-MainThread"}, {"name": "framework", "value": "pytest"}, {"name": "language", "value": "cpython3"}, {"name": "package", "value": "tests.test_ui.test_search_product"}], "titlePath": ["tests", "test_ui", "test_search_product.py", "TestProducts"]}