{"name": "test_search_product_and_verify_login_cart[chrome]", "status": "broken", "statusDetails": {"message": "Exception: Unable to locate : Add To Cart", "trace": "self = <test_search_product.TestProducts object at 0x000002539BDD5F90>, page = <Page url='https://automationexercise.com/products?search=blue'>\n\n    def test_search_product_and_verify_login_cart(self,page):\n        search_term = \"blue\"\n    \n        # Search Product and get all searched products names\n        home = HomePage(page)\n        searched_product_names = (home.\n                                  verify_home_page().\n                                  goto_products().\n                                  verify_product_page(\"All Products\").\n                                  search_product(search_term).\n                                  verify_searched_product_text().\n                                  get_all_product_names())\n    \n        # Verify searched term in product names\n        success = all(search_term.lower() in name.lower() for name in searched_product_names)\n        assert success, f\"Failed!! Not all the product names contain '{search_term}'\"\n    \n        log.logger.info(f\"Total Searched Products:{len(searched_product_names)}\")\n    \n        # Add all searched products to cart\n        product = ProductsPage(page)\n        for i in range(1,len(searched_product_names)):\n>           product.add_to_cart(i).continue_shopping()\n            ^^^^^^^^^^^^^^^^^^^^^^\n\ntests\\test_ui\\test_search_product.py:51: \n_ _ _ _ _ _ _ _ _ _ _ _ _ _ _ _ _ _ _ _ _ _ _ _ _ _ _ _ _ _ _ _ _ _ _ _ _ _ _ _ _ _ _ _ _ _ _ _ _ _ _ _ _ _ _ _ _ _ _ _ _ _ _ _ _ _ _ _ _ _ _ _ _ _ _ _ _ _ _\npages\\products\\products_page.py:72: in add_to_cart\n    self.click(\"Add To Cart\", f\"({product}{self.ADD_TO_CART_BTN})[{index_no}]\")\n_ _ _ _ _ _ _ _ _ _ _ _ _ _ _ _ _ _ _ _ _ _ _ _ _ _ _ _ _ _ _ _ _ _ _ _ _ _ _ _ _ _ _ _ _ _ _ _ _ _ _ _ _ _ _ _ _ _ _ _ _ _ _ _ _ _ _ _ _ _ _ _ _ _ _ _ _ _ _\n\nself = <pages.products.products_page.ProductsPage object at 0x000002539C285810>, field_name = 'Add To Cart'\nvalue = \"((//*[contains(@class,'product-image-wrapper')])[3]//a[text()='Add to cart'])[3]\"\n\n    def click(self,field_name,value):\n        \"\"\"Click on element when visible\"\"\"\n        with allure.step(f\"Clicking on '{field_name}'\"):\n            elements=[\n                self.page.get_by_role(\"button\", name=value),\n                self.page.get_by_text(value,exact=True),\n                self.page.get_by_role(\"link\", name=value),\n                self.page.get_by_role(\"radio\", name=value),\n                self.page.locator(value)\n            ]\n    \n            for element in elements:\n                try:\n                    element.wait_for(state=\"visible\",timeout=2000)\n                    element.scroll_into_view_if_needed()\n                    element.click(force=True)\n                    log.logger.info(\"Clicking on \" + field_name)\n                    return  #exit function\n                except:\n                    continue\n>           raise Exception(f\"Unable to locate : {field_name}\")\nE           Exception: Unable to locate : Add To Cart\n\npages\\base\\base_page.py:43: Exception"}, "steps": [{"name": "Selected navbar option : Home", "status": "passed", "start": 1771070087480, "stop": 1771070087699}, {"name": "Clicking on 'Products'", "status": "passed", "start": 1771070087699, "stop": 1771070093913}, {"name": "On Page: All Products", "status": "passed", "start": 1771070093913, "stop": 1771070094666}, {"name": "Typing Search Text", "status": "passed", "start": 1771070094666, "stop": 1771070094797}, {"name": "Clicking on 'Search Icon'", "status": "passed", "start": 1771070094797, "stop": 1771070104610}, {"name": "On Page: Searched Products", "status": "passed", "start": 1771070104610, "stop": 1771070104845}, {"name": "Clicking on 'Add To Cart'", "status": "passed", "start": 1771070105064, "stop": 1771070113414}, {"name": "Clicking on 'Continue Shopping'", "status": "passed", "start": 1771070113414, "stop": 1771070114513}, {"name": "Clicking on 'Add To Cart'", "status": "passed", "start": 1771070114750, "stop": 1771070123174}, {"name": "Clicking on 'Continue Shopping'", "status": "passed", "start": 1771070123174, "stop": 1771070123763}, {"name": "Clicking on 'Add To Cart'", "status": "broken", "statusDetails": {"message": "Exception: Unable to locate : Add To Cart\n", "trace": "  File \"C:\\AutomationExercise\\pages\\base\\base_page.py\", line 43, in click\n    raise Exception(f\"Unable to locate : {field_name}\")\n"}, "start": 1771070123967, "stop": 1771070134156}], "attachments": [{"name": "log", "source": "259e9968-4df8-4f33-9f05-3d4b33f24c43-attachment.txt", "type": "text/plain"}], "parameters": [{"name": "browser", "value": "'chrome'"}], "start": 1771070087478, "stop": 1771070134161, "uuid": "6ab01641-27f1-4d0e-a744-4c527f89b72d", "historyId": "cb0ecd0a87dbad32bbccc3e7de43a16a", "testCaseId": "a7178abd054f7a9affd241e9836fea97", "fullName": "tests.test_ui.test_search_product.TestProducts#test_search_product_and_verify_login_cart", "labels": [{"name": "parentSuite", "value": "tests.test_ui"}, {"name": "suite", "value": "test_search_product"}, {"name": "subSuite", "value": "TestProducts"}, {"name": "host", "value": "DESKTOP-B719PVK"}, {"name": "thread", "value": "3208-MainThread"}, {"name": "framework", "value": "pytest"}, {"name": "language", "value": "cpython3"}, {"name": "package", "value": "tests.test_ui.test_search_product"}], "titlePath": ["tests", "test_ui", "test_search_product.py", "TestProducts"]}