{"name": "test_add_product_review[chrome]", "status": "broken", "statusDetails": {"message": "Exception: Unable to locate : SUBMIT", "trace": "self = <test_product_review.TestProductReview object at 0x000001CE382AA8D0>, page = <Page url='https://automationexercise.com/product_details/1'>\n\n    def test_add_product_review(self,page):\n        \"\"\"Test add product review \"\"\"\n        home=HomePage(page)\n        alert=(home.goto_products().\n               verify_page_heading(\"All Products\").\n>              view_product(1).add_review(\"Great Quality!\").\n                               ^^^^^^^^^^^^^^^^^^^^^^^^^^^^\n               get_alert_msg())\n\ntests\\test_ui\\test_product_review.py:14: \n_ _ _ _ _ _ _ _ _ _ _ _ _ _ _ _ _ _ _ _ _ _ _ _ _ _ _ _ _ _ _ _ _ _ _ _ _ _ _ _ _ _ _ _ _ _ _ _ _ _ _ _ _ _ _ _ _ _ _ _ _ _ _ _ _ _ _ _ _ _ _ _ _ _ _ _ _ _ _\npages\\products\\product_details_page.py:108: in add_review\n    self.click(\"SUBMIT\",self.SUBMIT_BTN)\n_ _ _ _ _ _ _ _ _ _ _ _ _ _ _ _ _ _ _ _ _ _ _ _ _ _ _ _ _ _ _ _ _ _ _ _ _ _ _ _ _ _ _ _ _ _ _ _ _ _ _ _ _ _ _ _ _ _ _ _ _ _ _ _ _ _ _ _ _ _ _ _ _ _ _ _ _ _ _\n\nself = <pages.products.product_details_page.ProductDetailsPage object at 0x000001CE3872BD10>, field_name = 'SUBMIT', value = '#review-section'\n\n    def click(self,field_name,value):\n        \"\"\"Click on element when visible\"\"\"\n        with allure.step(f\"Clicking on '{field_name}'\"):\n            elements=[\n                self.page.get_by_role(\"button\", name=value),\n                self.page.get_by_text(value,exact=True),\n                self.page.get_by_role(\"link\", name=value),\n                self.page.get_by_role(\"radio\", name=value),\n                self.page.locator(value)\n            ]\n    \n            for element in elements:\n                try:\n                    element.wait_for(state=\"visible\",timeout=2000)\n                    element.scroll_into_view_if_needed()\n                    element.click(force=True)\n                    log.logger.info(\"Clicking on \" + field_name)\n                    return  #exit function\n                except:\n                    continue\n>           raise Exception(f\"Unable to locate : {field_name}\")\nE           Exception: Unable to locate : SUBMIT\n\npages\\base\\base_page.py:43: Exception"}, "description": "Test add product review ", "steps": [{"name": "Clicking on 'Products'", "status": "passed", "start": 1771084635843, "stop": 1771084641164}, {"name": "On Page: All Products", "status": "passed", "start": 1771084641164, "stop": 1771084641633}, {"name": "Clicking on 'View Product'", "status": "passed", "start": 1771084641633, "stop": 1771084650646}, {"name": "Typing Name", "status": "passed", "start": 1771084650817, "stop": 1771084651002}, {"name": "Typing Email", "status": "passed", "start": 1771084651002, "stop": 1771084651217}, {"name": "Typing Review", "status": "passed", "start": 1771084651217, "stop": 1771084651354}, {"name": "Clicking on 'SUBMIT'", "status": "broken", "statusDetails": {"message": "Exception: Unable to locate : SUBMIT\n", "trace": "  File \"C:\\AutomationExercise\\pages\\base\\base_page.py\", line 43, in click\n    raise Exception(f\"Unable to locate : {field_name}\")\n"}, "start": 1771084651355, "stop": 1771084661504}], "attachments": [{"name": "log", "source": "fb8fe289-9ac5-4a06-9d94-4ab586da3c58-attachment.txt", "type": "text/plain"}], "parameters": [{"name": "browser", "value": "'chrome'"}], "start": 1771084635843, "stop": 1771084661505, "uuid": "e0c3399e-8a69-48a1-a785-a47c6d3b1613", "historyId": "25c3d07ac395ce872d89137679dc48c1", "testCaseId": "aa6c4553bcc02a7d50f9d684277c6259", "fullName": "tests.test_ui.test_product_review.TestProductReview#test_add_product_review", "labels": [{"name": "parentSuite", "value": "tests.test_ui"}, {"name": "suite", "value": "test_product_review"}, {"name": "subSuite", "value": "TestProductReview"}, {"name": "host", "value": "DESKTOP-B719PVK"}, {"name": "thread", "value": "4204-MainThread"}, {"name": "framework", "value": "pytest"}, {"name": "language", "value": "cpython3"}, {"name": "package", "value": "tests.test_ui.test_product_review"}], "titlePath": ["tests", "test_ui", "test_product_review.py", "TestProductReview"]}