{"name": "test_add_recommended_product_in_cart[chrome]", "status": "broken", "statusDetails": {"message": "Exception: Unable to locate : View Cart", "trace": "self = <test_recommended_section.TestRecommendedSection object at 0x00000241EAF6E710>, page = <Page url='https://automationexercise.com/'>\n\n    def test_add_recommended_product_in_cart(self,page):\n        \"\"\"Test add recommended product in cart\"\"\"\n        home=HomePage(page)\n        #Add product Review\n        product_name=home.goto_recommended_products().get_product_name(1)\n        recommended_product=RecommendedSectionPage(page)\n>       product_desc=recommended_product.add_to_cart(1).continue_shopping().view_cart().get_all_products_desc()\n                     ^^^^^^^^^^^^^^^^^^^^^^^^^^^^^^^^^^^^^^^^^^^^^^^^^^^^^^^^^^^^^^^^^^\n\ntests\\test_ui\\test_recommended_section.py:16: \n_ _ _ _ _ _ _ _ _ _ _ _ _ _ _ _ _ _ _ _ _ _ _ _ _ _ _ _ _ _ _ _ _ _ _ _ _ _ _ _ _ _ _ _ _ _ _ _ _ _ _ _ _ _ _ _ _ _ _ _ _ _ _ _ _ _ _ _ _ _ _ _ _ _ _ _ _ _ _\npages\\products\\product_base_page.py:26: in view_cart\n    self.click(\"View Cart\",self.VIEW_CART)\n_ _ _ _ _ _ _ _ _ _ _ _ _ _ _ _ _ _ _ _ _ _ _ _ _ _ _ _ _ _ _ _ _ _ _ _ _ _ _ _ _ _ _ _ _ _ _ _ _ _ _ _ _ _ _ _ _ _ _ _ _ _ _ _ _ _ _ _ _ _ _ _ _ _ _ _ _ _ _\n\nself = <pages.home.recommended_section_page.RecommendedSectionPage object at 0x00000241EB882610>, field_name = 'View Cart', value = 'View Cart'\n\n    def click(self,field_name,value):\n        \"\"\"Click on element when visible\"\"\"\n        with allure.step(f\"Clicking on '{field_name}'\"):\n            elements=[\n                self.page.get_by_role(\"button\", name=value),\n                self.page.get_by_text(value,exact=True),\n                self.page.get_by_role(\"link\", name=value),\n                self.page.get_by_role(\"radio\", name=value),\n                self.page.locator(value)\n            ]\n    \n            for element in elements:\n                try:\n                    element.wait_for(state=\"visible\",timeout=2000)\n                    element.scroll_into_view_if_needed()\n                    element.click(force=True)\n                    log.logger.info(\"Clicking on \" + field_name)\n                    return  #exit function\n                except:\n                    continue\n>           raise Exception(f\"Unable to locate : {field_name}\")\nE           Exception: Unable to locate : View Cart\n\npages\\base\\base_page.py:43: Exception"}, "description": "Test add recommended product in cart", "steps": [{"name": "Clicking on 'Add to cart'", "status": "passed", "start": 1771089550253, "stop": 1771089558499}, {"name": "Clicking on 'Continue Shopping'", "status": "passed", "start": 1771089558499, "stop": 1771089559518}, {"name": "Clicking on 'View Cart'", "status": "broken", "statusDetails": {"message": "Exception: Unable to locate : View Cart\n", "trace": "  File \"C:\\AutomationExercise\\pages\\base\\base_page.py\", line 43, in click\n    raise Exception(f\"Unable to locate : {field_name}\")\n"}, "start": 1771089559518, "stop": 1771089569592}], "attachments": [{"name": "log", "source": "a45979b2-a7bd-4fb3-8915-bda1ae4279af-attachment.txt", "type": "text/plain"}], "parameters": [{"name": "browser", "value": "'chrome'"}], "start": 1771089550120, "stop": 1771089569593, "uuid": "9d2dd028-72b4-4977-8397-4406892c7f0b", "historyId": "7ab669e93128ffc084eacecec456d5f5", "testCaseId": "51017f5dc2efa94f4b62c8c19ed622aa", "fullName": "tests.test_ui.test_recommended_section.TestRecommendedSection#test_add_recommended_product_in_cart", "labels": [{"name": "parentSuite", "value": "tests.test_ui"}, {"name": "suite", "value": "test_recommended_section"}, {"name": "subSuite", "value": "TestRecommendedSection"}, {"name": "host", "value": "DESKTOP-B719PVK"}, {"name": "thread", "value": "956-MainThread"}, {"name": "framework", "value": "pytest"}, {"name": "language", "value": "cpython3"}, {"name": "package", "value": "tests.test_ui.test_recommended_section"}], "titlePath": ["tests", "test_ui", "test_recommended_section.py", "TestRecommendedSection"]}